#
# There is insufficient memory for the Java Runtime Environment to continue.
# Native memory allocation (mmap) failed to map 264241152 bytes for Failed to commit area from 0x0000000704e00000 to 0x0000000714a00000 of length 264241152.
# Possible reasons:
#   The system is out of physical RAM or swap space
#   The process is running with CompressedOops enabled, and the Java Heap may be blocking the growth of the native heap
# Possible solutions:
#   Reduce memory load on the system
#   Increase physical memory or swap space
#   Check if swap backing store is full
#   Decrease Java heap size (-Xmx/-Xms)
#   Decrease number of Java threads
#   Decrease Java thread stack sizes (-Xss)
#   Set larger code cache with -XX:ReservedCodeCacheSize=
# This output file may be truncated or incomplete.
#
#  Out of Memory Error (./src/hotspot/os/windows/os_windows.cpp:3387), pid=28768, tid=17548
#
# JRE version:  (11.0.14.1+1) (build )
# Java VM: OpenJDK 64-Bit Server VM (11.0.14.1+1, mixed mode, sharing, tiered, compressed oops, g1 gc, windows-amd64)
# No core dump will be written. Minidumps are not enabled by default on client versions of Windows
#

---------------  S U M M A R Y ------------

Command Line: 

Host: 12th Gen Intel(R) Core(TM) i7-12700H, 20 cores, 15G,  Windows 11 , 64 bit Build 22621 (10.0.22621.3958)
Time: Sun Oct 27 21:33:28 2024 AUS Eastern Summer Time elapsed time: 0.008366 seconds (0d 0h 0m 0s)

---------------  T H R E A D  ---------------

Current thread (0x0000026accfec000):  JavaThread "Unknown thread" [_thread_in_vm, id=17548, stack(0x000000d985900000,0x000000d985a00000)]

Stack: [0x000000d985900000,0x000000d985a00000]
Native frames: (J=compiled Java code, j=interpreted, Vv=VM code, C=native code)
V  [jvm.dll+0x61e59a]
V  [jvm.dll+0x7aaca9]
V  [jvm.dll+0x7ac398]
V  [jvm.dll+0x7aca73]
V  [jvm.dll+0x24f9b8]
V  [jvm.dll+0x61b83a]
V  [jvm.dll+0x6100c5]
V  [jvm.dll+0x30772c]
V  [jvm.dll+0x3075b2]
V  [jvm.dll+0x30c2d6]
V  [jvm.dll+0x35272f]
V  [jvm.dll+0x352160]
V  [jvm.dll+0x2e4728]
V  [jvm.dll+0x2e5886]
V  [jvm.dll+0x784b07]
V  [jvm.dll+0x78628f]
V  [jvm.dll+0x35f479]
V  [jvm.dll+0x767aa0]
V  [jvm.dll+0x3ccf1f]
V  [jvm.dll+0x3cf2b1]
C  [jli.dll+0x5207]
C  [ucrtbase.dll+0x29333]
C  [KERNEL32.DLL+0x1257d]
C  [ntdll.dll+0x5af08]


---------------  P R O C E S S  ---------------

Threads class SMR info:
_java_thread_list=0x0000026accf1c240, length=0, elements={
}

Java Threads: ( => current thread )

Other Threads:
  0x0000026acd1dd800 GCTaskThread "GC Thread#0" [stack: 0x000000d985a00000,0x000000d985b00000] [id=29492]
  0x0000026acd23b000 ConcurrentGCThread "G1 Main Marker" [stack: 0x000000d985b00000,0x000000d985c00000] [id=37880]
  0x0000026acd23d000 ConcurrentGCThread "G1 Conc#0" [stack: 0x000000d985c00000,0x000000d985d00000] [id=41544]

[error occurred during error reporting (printing all threads), id 0xc0000005, EXCEPTION_ACCESS_VIOLATION (0xc0000005) at pc=0x00007ffa393b3ef7]

VM state:not at safepoint (not fully initialized)

VM Mutex/Monitor currently owned by a thread:  ([mutex/lock_event])
[0x0000026acd1c4f00] Heap_lock - owner thread: 0x0000026accfec000

Heap address: 0x0000000704e00000, size: 4018 MB, Compressed Oops mode: Non-zero based: 0x0000000704e00000
Narrow klass base: 0x0000000000000000, Narrow klass shift: 0

GC Heap History (0 events):
No events

Deoptimization events (0 events):
No events

Classes redefined (0 events):
No events

Internal exceptions (0 events):
No events

Events (1 events):
Event: 0.005 Loaded shared library D:\Unity\2022.3.8f1\Editor\Data\PlaybackEngines\AndroidPlayer\OpenJDK\bin\zip.dll


Dynamic libraries:
0x00007ff7adfb0000 - 0x00007ff7adfbd000 	D:\Unity\2022.3.8f1\Editor\Data\PlaybackEngines\AndroidPlayer\OpenJDK\bin\java.exe
0x00007ffb1e390000 - 0x00007ffb1e5a7000 	C:\WINDOWS\SYSTEM32\ntdll.dll
0x00007ffb1d210000 - 0x00007ffb1d2d4000 	C:\WINDOWS\System32\KERNEL32.DLL
0x00007ffb1b6a0000 - 0x00007ffb1ba57000 	C:\WINDOWS\System32\KERNELBASE.dll
0x00007ffb1bf20000 - 0x00007ffb1c031000 	C:\WINDOWS\System32\ucrtbase.dll
0x00007ffb15e90000 - 0x00007ffb15ea7000 	D:\Unity\2022.3.8f1\Editor\Data\PlaybackEngines\AndroidPlayer\OpenJDK\bin\jli.dll
0x00007ffb13ba0000 - 0x00007ffb13bb5000 	D:\Unity\2022.3.8f1\Editor\Data\PlaybackEngines\AndroidPlayer\OpenJDK\bin\VCRUNTIME140.dll
0x00007ffb1cfb0000 - 0x00007ffb1d15f000 	C:\WINDOWS\System32\USER32.dll
0x00007ffb1bc90000 - 0x00007ffb1bcb6000 	C:\WINDOWS\System32\win32u.dll
0x00007ffb02cf0000 - 0x00007ffb02f83000 	C:\WINDOWS\WinSxS\amd64_microsoft.windows.common-controls_6595b64144ccf1df_6.0.22621.3672_none_2713b9d173822955\COMCTL32.dll
0x00007ffb1c0c0000 - 0x00007ffb1c0e9000 	C:\WINDOWS\System32\GDI32.dll
0x00007ffb1da70000 - 0x00007ffb1db17000 	C:\WINDOWS\System32\msvcrt.dll
0x00007ffb1bcc0000 - 0x00007ffb1bdd8000 	C:\WINDOWS\System32\gdi32full.dll
0x00007ffb1be80000 - 0x00007ffb1bf1a000 	C:\WINDOWS\System32\msvcp_win.dll
0x00007ffb1d9d0000 - 0x00007ffb1da01000 	C:\WINDOWS\System32\IMM32.DLL
0x00007ffaec5f0000 - 0x00007ffaec68b000 	D:\Unity\2022.3.8f1\Editor\Data\PlaybackEngines\AndroidPlayer\OpenJDK\bin\msvcp140.dll
0x00007ffa390c0000 - 0x00007ffa39c41000 	D:\Unity\2022.3.8f1\Editor\Data\PlaybackEngines\AndroidPlayer\OpenJDK\bin\server\jvm.dll
0x00007ffb1c960000 - 0x00007ffb1ca12000 	C:\WINDOWS\System32\ADVAPI32.dll
0x00007ffb1ca80000 - 0x00007ffb1cb28000 	C:\WINDOWS\System32\sechost.dll
0x00007ffb1bde0000 - 0x00007ffb1be08000 	C:\WINDOWS\System32\bcrypt.dll
0x00007ffb1d7d0000 - 0x00007ffb1d8e4000 	C:\WINDOWS\System32\RPCRT4.dll
0x00007ffb1d200000 - 0x00007ffb1d208000 	C:\WINDOWS\System32\PSAPI.DLL
0x00007ffad09d0000 - 0x00007ffad09d9000 	C:\WINDOWS\SYSTEM32\WSOCK32.dll
0x00007ffb14940000 - 0x00007ffb14974000 	C:\WINDOWS\SYSTEM32\WINMM.dll
0x00007ffb1d160000 - 0x00007ffb1d1d1000 	C:\WINDOWS\System32\WS2_32.dll
0x00007ffb18170000 - 0x00007ffb1817a000 	C:\WINDOWS\SYSTEM32\VERSION.dll
0x00007ffb1a7b0000 - 0x00007ffb1a7c8000 	C:\WINDOWS\SYSTEM32\kernel.appcore.dll
0x00007ffb18240000 - 0x00007ffb18250000 	D:\Unity\2022.3.8f1\Editor\Data\PlaybackEngines\AndroidPlayer\OpenJDK\bin\verify.dll
0x00007ffb18eb0000 - 0x00007ffb190e2000 	C:\WINDOWS\SYSTEM32\DBGHELP.DLL
0x00007ffb1dfa0000 - 0x00007ffb1e32e000 	C:\WINDOWS\System32\combase.dll
0x00007ffb1d6e0000 - 0x00007ffb1d7b7000 	C:\WINDOWS\System32\OLEAUT32.dll
0x00007ffb0eb80000 - 0x00007ffb0ebb2000 	C:\WINDOWS\SYSTEM32\dbgcore.DLL
0x00007ffb1c040000 - 0x00007ffb1c0bb000 	C:\WINDOWS\System32\bcryptPrimitives.dll
0x00007ffb03d20000 - 0x00007ffb03d48000 	D:\Unity\2022.3.8f1\Editor\Data\PlaybackEngines\AndroidPlayer\OpenJDK\bin\java.dll
0x00007ffb180f0000 - 0x00007ffb180fa000 	D:\Unity\2022.3.8f1\Editor\Data\PlaybackEngines\AndroidPlayer\OpenJDK\bin\jimage.dll
0x00007ffb09c50000 - 0x00007ffb09c68000 	D:\Unity\2022.3.8f1\Editor\Data\PlaybackEngines\AndroidPlayer\OpenJDK\bin\zip.dll

dbghelp: loaded successfully - version: 4.0.5 - missing functions: none
symbol engine: initialized successfully - sym options: 0x614 - pdb path: .;D:\Unity\2022.3.8f1\Editor\Data\PlaybackEngines\AndroidPlayer\OpenJDK\bin;C:\WINDOWS\SYSTEM32;C:\WINDOWS\WinSxS\amd64_microsoft.windows.common-controls_6595b64144ccf1df_6.0.22621.3672_none_2713b9d173822955;D:\Unity\2022.3.8f1\Editor\Data\PlaybackEngines\AndroidPlayer\OpenJDK\bin\server

VM Arguments:
java_command: <unknown>
java_class_path (initial): <not set>
Launcher Type: SUN_STANDARD

[Global flags]
     intx CICompilerCount                          = 12                                        {product} {ergonomic}
     uint ConcGCThreads                            = 4                                         {product} {ergonomic}
     uint G1ConcRefinementThreads                  = 15                                        {product} {ergonomic}
   size_t G1HeapRegionSize                         = 1048576                                   {product} {ergonomic}
    uintx GCDrainStackTargetSize                   = 64                                        {product} {ergonomic}
   size_t InitialHeapSize                          = 264241152                                 {product} {ergonomic}
   size_t MarkStackSize                            = 4194304                                   {product} {ergonomic}
   size_t MaxHeapSize                              = 4213178368                                {product} {ergonomic}
   size_t MinHeapDeltaBytes                        = 1048576                                   {product} {ergonomic}
    uintx NonNMethodCodeHeapSize                   = 7594288                                {pd product} {ergonomic}
    uintx NonProfiledCodeHeapSize                  = 122031976                              {pd product} {ergonomic}
    uintx ProfiledCodeHeapSize                     = 122031976                              {pd product} {ergonomic}
    uintx ReservedCodeCacheSize                    = 251658240                              {pd product} {ergonomic}
     bool SegmentedCodeCache                       = true                                      {product} {ergonomic}
     bool UseCompressedClassPointers               = true                                 {lp64_product} {ergonomic}
     bool UseCompressedOops                        = true                                 {lp64_product} {ergonomic}
     bool UseG1GC                                  = true                                      {product} {ergonomic}
     bool UseLargePagesIndividualAllocation        = false                                  {pd product} {ergonomic}

Logging:
Log output configuration:
 #0: stdout all=warning uptime,level,tags
 #1: stderr all=off uptime,level,tags

Environment Variables:
JAVA_HOME=D:\Unity\2022.3.8f1\Editor\Data\PlaybackEngines\AndroidPlayer\OpenJDK
PATH=C:\Program Files\Common Files\Oracle\Java\javapath;C:\Program Files (x86)\Common Files\Intel\Shared Libraries\redist\ia32\mpirt;C:\Program Files (x86)\Common Files\Intel\Shared Libraries\redist\ia32\compiler;C:\Windows\system32;C:\Windows;C:\Windows\System32\Wbem;C:\Windows\System32\WindowsPowerShell\v1.0\;C:\Windows\System32\OpenSSH\;C:\Program Files (x86)\NVIDIA Corporation\PhysX\Common;C:\Program Files\NVIDIA Corporation\NVIDIA NvDLISR;C:\Program Files\dotnet\;C:\WINDOWS\system32;C:\WINDOWS;C:\WINDOWS\System32\Wbem;C:\WINDOWS\System32\WindowsPowerShell\v1.0\;C:\WINDOWS\System32\OpenSSH\;C:\Program Files\nodejs\;C:\Users\timpe\scoop\shims;C:\Users\timpe\AppData\Local\Microsoft\WindowsApps;D:\VSCode\Microsoft VS Code\bin;C:\Users\timpe\AppData\Local\GitHubDesktop\bin;C:\Users\timpe\.dotnet\tools;C:\Users\timpe\AppData\Roaming\npm;C:\Users\timpe\AppData\Local\Packages\PythonSoftwareFoundation.Python.3.10_qbz5n2kfra8p0\localcache\local-packages\Python310\Scripts;C:\Program Files\Java\jdk-21\bin;D:\git\Git\cmd;D:\Unity\2022.3.8f1\Editor\Data\PlaybackEngines\AndroidPlayer\SDK\platform-tools;C:\Program Files\Common Files\Oracle\Java\javapath;C:\Program Files (x86)\Common Files\Intel\Shared Libraries\redist\ia32\mpirt;C:\Program Files (x86)\Common Files\Intel\Shared Libraries\redist\ia32\compiler;C:\Windows\system32;C:\Windows;C:\Windows\System32\Wbem;C:\Windows\System32\WindowsPowerShell\v1.0\;C:\Windows\System32\OpenSSH\;C:\Program Files (x86)\NVIDIA Corporation\PhysX\Common;C:\Program Files\NVIDIA Corporation\NVIDIA NvDLISR;C:\Program Files\dotnet\;C:\WINDOWS\system32;C:\WINDOWS;C:\WINDOWS\System32\Wbem;C:\WINDOWS\System32\WindowsPowerShell\v1.0\;C:\WINDOWS\System32\OpenSSH\;C:\Program Files\nodejs\;C:\Users\timpe\scoop\shims;C:\Users\timpe\AppData\Local\Microsoft\WindowsApps;D:\VSCode\Microsoft VS Code\bin;C:\Users\timpe\AppData\Local\GitHubDesktop\bin;C:\Users\timpe\.dotnet\tools;C:\Users\timpe\AppData\Roaming\npm;C:\Users\timpe\AppData\Local\Packages\PythonSoftwa
USERNAME=timpe
OS=Windows_NT
PROCESSOR_IDENTIFIER=Intel64 Family 6 Model 154 Stepping 3, GenuineIntel



---------------  S Y S T E M  ---------------

OS: Windows 11 , 64 bit Build 22621 (10.0.22621.3958)
OS uptime: 0 days 19:22 hours
Hyper-V role detected

CPU:total 20 (initial active 20) (10 cores per cpu, 2 threads per core) family 6 model 154 stepping 3 microcode 0x434, cmov, cx8, fxsr, mmx, sse, sse2, sse3, ssse3, sse4.1, sse4.2, popcnt, avx, avx2, aes, clmul, erms, 3dnowpref, lzcnt, ht, tsc, tscinvbit, bmi1, bmi2, adx, sha, fma

Memory: 4k page, system-wide physical 16068M (316M free)
TotalPageFile size 42049M (AvailPageFile size 193M)
current process WorkingSet (physical memory assigned to process): 11M, peak: 11M
current process commit charge ("private bytes"): 76M, peak: 328M

vm_info: OpenJDK 64-Bit Server VM (11.0.14.1+1) for windows-amd64 JRE (11.0.14.1+1), built on Feb  9 2022 01:48:27 by "" with unknown MS VC++:1916

END.
